Using pre-set license
Built from '2022.3/staging' branch; Version is '2022.3.10f1 (ff3792e53c62) revision 16725906'; Using compiler version '192829333'; Build Type 'Release'
OS: 'Windows 10  (10.0.19045) 64bit CoreSingleLanguage' Language: 'en' Physical Memory: 5996 MB
BatchMode: 1, IsHumanControllingUs: 0, StartBugReporterOnCrash: 0, Is64bit: 1, IsPro: 1

COMMAND LINE ARGUMENTS:
D:\WorkSpace_Unity\2022.3.10f1\Editor\Unity.exe
-adb2
-batchMode
-noUpm
-name
AssetImportWorker3
-projectPath
D:/WorkSpace_Unity/DOAN
-logFile
Logs/AssetImportWorker3.log
-srvPort
63988
Successfully changed project path to: D:/WorkSpace_Unity/DOAN
D:/WorkSpace_Unity/DOAN
[UnityMemory] Configuration Parameters - Can be set up in boot.config
    "memorysetup-bucket-allocator-granularity=16"
    "memorysetup-bucket-allocator-bucket-count=8"
    "memorysetup-bucket-allocator-block-size=33554432"
    "memorysetup-bucket-allocator-block-count=8"
    "memorysetup-main-allocator-block-size=16777216"
    "memorysetup-thread-allocator-block-size=16777216"
    "memorysetup-gfx-main-allocator-block-size=16777216"
    "memorysetup-gfx-thread-allocator-block-size=16777216"
    "memorysetup-cache-allocator-block-size=4194304"
    "memorysetup-typetree-allocator-block-size=2097152"
    "memorysetup-profiler-bucket-allocator-granularity=16"
    "memorysetup-profiler-bucket-allocator-bucket-count=8"
    "memorysetup-profiler-bucket-allocator-block-size=33554432"
    "memorysetup-profiler-bucket-allocator-block-count=8"
    "memorysetup-profiler-allocator-block-size=16777216"
    "memorysetup-profiler-editor-allocator-block-size=1048576"
    "memorysetup-temp-allocator-size-main=16777216"
    "memorysetup-job-temp-allocator-block-size=2097152"
    "memorysetup-job-temp-allocator-block-size-background=1048576"
    "memorysetup-job-temp-allocator-reduction-small-platforms=262144"
    "memorysetup-allocator-temp-initial-block-size-main=262144"
    "memorysetup-allocator-temp-initial-block-size-worker=262144"
    "memorysetup-temp-allocator-size-background-worker=32768"
    "memorysetup-temp-allocator-size-job-worker=262144"
    "memorysetup-temp-allocator-size-preload-manager=33554432"
    "memorysetup-temp-allocator-size-nav-mesh-worker=65536"
    "memorysetup-temp-allocator-size-audio-worker=65536"
    "memorysetup-temp-allocator-size-cloud-worker=32768"
    "memorysetup-temp-allocator-size-gi-baking-worker=262144"
    "memorysetup-temp-allocator-size-gfx=262144"
Player connection [11648] Host "[IP] 172.16.0.133 [Port] 0 [Flags] 2 [Guid] 4056769002 [EditorId] 4056769002 [Version] 1048832 [Id] WindowsEditor(7,DESKTOP-9EOD1LT) [Debug] 1 [PackageName] WindowsEditor [ProjectName] Editor" joined multi-casting on [225.0.0.222:54997]...

Player connection [11648] Host "[IP] 172.16.0.133 [Port] 0 [Flags] 2 [Guid] 4056769002 [EditorId] 4056769002 [Version] 1048832 [Id] WindowsEditor(7,DESKTOP-9EOD1LT) [Debug] 1 [PackageName] WindowsEditor [ProjectName] Editor" joined alternative multi-casting on [225.0.0.222:34997]...

[Physics::Module] Initialized MultithreadedJobDispatcher with 15 workers.
Refreshing native plugins compatible for Editor in 27.36 ms, found 3 plugins.
Preloading 0 native plugins for Editor in 0.00 ms.
Initialize engine version: 2022.3.10f1 (ff3792e53c62)
[Subsystems] Discovering subsystems at path D:/WorkSpace_Unity/2022.3.10f1/Editor/Data/Resources/UnitySubsystems
[Subsystems] Discovering subsystems at path D:/WorkSpace_Unity/DOAN/Assets
GfxDevice: creating device client; threaded=0; jobified=0
Direct3D:
    Version:  Direct3D 11.0 [level 11.1]
    Renderer: NVIDIA GeForce RTX 3050 Laptop GPU (ID=0x25a5)
    Vendor:   NVIDIA
    VRAM:     3979 MB
    Driver:   31.0.15.3197
Initialize mono
Mono path[0] = 'D:/WorkSpace_Unity/2022.3.10f1/Editor/Data/Managed'
Mono path[1] = 'D:/WorkSpace_Unity/2022.3.10f1/Editor/Data/MonoBleedingEdge/lib/mono/unityjit-win32'
Mono config path = 'D:/WorkSpace_Unity/2022.3.10f1/Editor/Data/MonoBleedingEdge/etc'
Using monoOptions --debugger-agent=transport=dt_socket,embedding=1,server=y,suspend=n,address=127.0.0.1:56328
Begin MonoManager ReloadAssembly
Registering precompiled unity dll's ...
Register platform support module: D:/WorkSpace_Unity/2022.3.10f1/Editor/Data/PlaybackEngines/WebGLSupport/UnityEditor.WebGL.Extensions.dll
Register platform support module: D:/WorkSpace_Unity/2022.3.10f1/Editor/Data/PlaybackEngines/WindowsStandaloneSupport/UnityEditor.WindowsStandalone.Extensions.dll
Registered in 0.006449 seconds.
- Loaded All Assemblies, in  0.439 seconds
Native extension for WindowsStandalone target not found
Native extension for WebGL target not found
Mono: successfully reloaded assembly
- Finished resetting the current domain, in  0.280 seconds
Domain Reload Profiling: 720ms
	BeginReloadAssembly (165ms)
		ExecutionOrderSort (0ms)
		DisableScriptedObjects (0ms)
		BackupInstance (0ms)
		ReleaseScriptingObjects (0ms)
		CreateAndSetChildDomain (1ms)
	RebuildCommonClasses (39ms)
	RebuildNativeTypeToScriptingClass (8ms)
	initialDomainReloadingComplete (83ms)
	LoadAllAssembliesAndSetupDomain (144ms)
		LoadAssemblies (163ms)
		RebuildTransferFunctionScriptingTraits (0ms)
		AnalyzeDomain (141ms)
			TypeCache.Refresh (138ms)
				TypeCache.ScanAssembly (120ms)
			ScanForSourceGeneratedMonoScriptInfo (1ms)
			ResolveRequiredComponents (1ms)
	FinalizeReload (281ms)
		ReleaseScriptCaches (0ms)
		RebuildScriptCaches (0ms)
		SetupLoadedEditorAssemblies (188ms)
			LogAssemblyErrors (0ms)
			InitializePlatformSupportModulesInManaged (10ms)
			SetLoadedEditorAssemblies (8ms)
			RefreshPlugins (0ms)
			BeforeProcessingInitializeOnLoad (3ms)
			ProcessInitializeOnLoadAttributes (125ms)
			ProcessInitializeOnLoadMethodAttributes (42ms)
			AfterProcessingInitializeOnLoad (0ms)
			EditorAssembliesLoaded (0ms)
		ExecutionOrderSort2 (0ms)
		AwakeInstancesAfterBackupRestoration (0ms)
========================================================================
Worker process is ready to serve import requests
Begin MonoManager ReloadAssembly
- Loaded All Assemblies, in  1.020 seconds
Refreshing native plugins compatible for Editor in 2.18 ms, found 3 plugins.
Native extension for WindowsStandalone target not found
Native extension for WebGL target not found
Package Manager log level set to [2]
[Package Manager] Server::EnsureServerProcessIsRunning -- launch failed, reason: Unity was launched with the -noUpm command-line argument
[Package Manager] UpmClient::Send -- Unable to send message (not connected to UPM process).
[Package Manager] Cannot connect to Unity Package Manager local server
Mono: successfully reloaded assembly
- Finished resetting the current domain, in  0.600 seconds
Domain Reload Profiling: 1678ms
	BeginReloadAssembly (160ms)
		ExecutionOrderSort (0ms)
		DisableScriptedObjects (5ms)
		BackupInstance (0ms)
		ReleaseScriptingObjects (0ms)
		CreateAndSetChildDomain (28ms)
	RebuildCommonClasses (32ms)
	RebuildNativeTypeToScriptingClass (27ms)
	initialDomainReloadingComplete (44ms)
	LoadAllAssembliesAndSetupDomain (814ms)
		LoadAssemblies (580ms)
		RebuildTransferFunctionScriptingTraits (0ms)
		AnalyzeDomain (266ms)
			TypeCache.Refresh (244ms)
				TypeCache.ScanAssembly (213ms)
			ScanForSourceGeneratedMonoScriptInfo (15ms)
			ResolveRequiredComponents (5ms)
	FinalizeReload (601ms)
		ReleaseScriptCaches (0ms)
		RebuildScriptCaches (0ms)
		SetupLoadedEditorAssemblies (465ms)
			LogAssemblyErrors (0ms)
			InitializePlatformSupportModulesInManaged (6ms)
			SetLoadedEditorAssemblies (10ms)
			RefreshPlugins (0ms)
			BeforeProcessingInitializeOnLoad (74ms)
			ProcessInitializeOnLoadAttributes (354ms)
			ProcessInitializeOnLoadMethodAttributes (17ms)
			AfterProcessingInitializeOnLoad (3ms)
			EditorAssembliesLoaded (0ms)
		ExecutionOrderSort2 (0ms)
		AwakeInstancesAfterBackupRestoration (7ms)
Launched and connected shader compiler UnityShaderCompiler.exe after 0.06 seconds
Refreshing native plugins compatible for Editor in 4.20 ms, found 3 plugins.
Preloading 0 native plugins for Editor in 0.00 ms.
Unloading 3099 Unused Serialized files (Serialized files now loaded: 0)
Unloading 31 unused Assets / (56.8 KB). Loaded Objects now: 3592.
Memory consumption went from 133.6 MB to 133.5 MB.
Total: 10.417800 ms (FindLiveObjects: 2.559400 ms CreateObjectMapping: 0.098600 ms MarkObjects: 5.034900 ms  DeleteObjects: 2.724100 ms)

AssetImportParameters requested are different than current active one (requested -> active):
  custom:container-demuxer-ogg: 62fdf1f143b41e24485cea50d1cbac27 -> 
  custom:video-decoder-ogg-theora: a1e56fd34408186e4bbccfd4996cb3dc -> 
  custom:framework-win-MediaFoundation: 216162199b28c13a410421893ffa2e32 -> 
  custom:CustomObjectIndexerAttribute: 756ad292c208cfabdd7b50bc23989ffe -> 
  custom:container-demuxer-webm: 4f35f7cbe854078d1ac9338744f61a02 -> 
  custom:container-muxer-webm: aa71ff27fc2769a1b78a27578f13a17b -> 
  custom:video-decoder-webm-vp8: 9c59270c3fd7afecdb556c50c9e8de78 -> 
  custom:SearchIndexIgnoredProperties: e643bd26f0fe6173181afceb89e7c659 -> 
  custom:AudioImporter_EditorPlatform: d09bf68614088b80899f8185d706f6e7 -> 
  custom:video-encoder-webm-vp8: eb34c28f22e8b96e1ab97ce403110664 -> 
  custom:audio-decoder-ogg-vorbis: bf7c407c2cedff20999df2af8eb42d56 -> 
  custom:audio-encoder-webm-vorbis: bf7c407c2cedff20999df2af8eb42d56 -> 
========================================================================
Received Import Request.
  Time since last request: 177587.030730 seconds.
  path: Assets/Assets/map/communityMap/Models/Environment/RumbleStrips.fbx
  artifactKey: Guid(f2417ac1784ced9458f56bd46ca3fb6f) Importer(815301076,1909f56bfc062723c751e8b465ee728b)
Start importing Assets/Assets/map/communityMap/Models/Environment/RumbleStrips.fbx using Guid(f2417ac1784ced9458f56bd46ca3fb6f) Importer(815301076,1909f56bfc062723c751e8b465ee728b)  -> (artifact id: '4667905f7ee1b13fd3af354470190242') in 0.260948 seconds
Number of updated asset objects reloaded before import = 0
Number of asset objects unloaded after import = 11
========================================================================
Received Import Request.
  Time since last request: 0.000106 seconds.
  path: Assets/Assets/map/communityMap/Models/Environment/TrackBarriers.fbx
  artifactKey: Guid(342e73ee4acf5c34f90fb746e5e617d6) Importer(815301076,1909f56bfc062723c751e8b465ee728b)
Start importing Assets/Assets/map/communityMap/Models/Environment/TrackBarriers.fbx using Guid(342e73ee4acf5c34f90fb746e5e617d6) Importer(815301076,1909f56bfc062723c751e8b465ee728b)  -> (artifact id: '9566ee586af143d2e028fec9fdfc7865') in 0.123030 seconds
Number of updated asset objects reloaded before import = 0
Number of asset objects unloaded after import = 25
========================================================================
Received Import Request.
  Time since last request: 0.000078 seconds.
  path: Assets/Assets/map/communityMap/Models/Environment/SpeedBumps.fbx
  artifactKey: Guid(dc7aecef8da48074a9a103bd4c6557cc) Importer(815301076,1909f56bfc062723c751e8b465ee728b)
Start importing Assets/Assets/map/communityMap/Models/Environment/SpeedBumps.fbx using Guid(dc7aecef8da48074a9a103bd4c6557cc) Importer(815301076,1909f56bfc062723c751e8b465ee728b)  -> (artifact id: 'a9d909a0f87cf9ec3bf02fbbf6f73a85') in 0.077557 seconds
Number of updated asset objects reloaded before import = 0
Number of asset objects unloaded after import = 15
========================================================================
Received Import Request.
  Time since last request: 3.987404 seconds.
  path: Assets/Assets/map/communityMap/Models/Vehicles/SportsCarChassis.fbx
  artifactKey: Guid(e18a086252957a04d968114e3af8cc6d) Importer(815301076,1909f56bfc062723c751e8b465ee728b)
Start importing Assets/Assets/map/communityMap/Models/Vehicles/SportsCarChassis.fbx using Guid(e18a086252957a04d968114e3af8cc6d) Importer(815301076,1909f56bfc062723c751e8b465ee728b)  -> (artifact id: 'e6c7f67bd35ee7db31c2570f80693944') in 0.313697 seconds
Number of updated asset objects reloaded before import = 0
Number of asset objects unloaded after import = 14
========================================================================
Received Import Request.
  Time since last request: 0.000030 seconds.
  path: Assets/Assets/map/communityMap/Models/Vehicles/TruckChassis.FBX
  artifactKey: Guid(bce746113b5d1714b9f1c012fad3a8b9) Importer(815301076,1909f56bfc062723c751e8b465ee728b)
Start importing Assets/Assets/map/communityMap/Models/Vehicles/TruckChassis.FBX using Guid(bce746113b5d1714b9f1c012fad3a8b9) Importer(815301076,1909f56bfc062723c751e8b465ee728b)  -> (artifact id: '98357cde9dc8d06bc23773beef2efcd1') in 0.068339 seconds
Number of updated asset objects reloaded before import = 0
Number of asset objects unloaded after import = 15
========================================================================
Received Import Request.
  Time since last request: 10.526048 seconds.
  path: Assets/Assets/map/communityMap/materials/Environment/Metal.mat
  artifactKey: Guid(a3be2f821a89da14c9ca9e15befcade7) Importer(815301076,1909f56bfc062723c751e8b465ee728b)
Start importing Assets/Assets/map/communityMap/materials/Environment/Metal.mat using Guid(a3be2f821a89da14c9ca9e15befcade7) Importer(815301076,1909f56bfc062723c751e8b465ee728b)  -> (artifact id: 'a0a3d46046e2cd56b48df86aaefee9a8') in 0.039792 seconds
Number of updated asset objects reloaded before import = 0
Number of asset objects unloaded after import = 1
========================================================================
Received Import Request.
  Time since last request: 0.000030 seconds.
  path: Assets/Assets/map/communityMap/materials/Environment/Skybox.mat
  artifactKey: Guid(bb6a3319151b3ea4190dfde173aafdb1) Importer(815301076,1909f56bfc062723c751e8b465ee728b)
Start importing Assets/Assets/map/communityMap/materials/Environment/Skybox.mat using Guid(bb6a3319151b3ea4190dfde173aafdb1) Importer(815301076,1909f56bfc062723c751e8b465ee728b)  -> (artifact id: 'a0387fb2225c8bd577cb1cdc2653825c') in 0.111064 seconds
Number of updated asset objects reloaded before import = 0
Number of asset objects unloaded after import = 1
========================================================================
Received Import Request.
  Time since last request: 6.610524 seconds.
  path: Assets/Assets/map/communityMap/materials/Vehicles/Chrome.mat
  artifactKey: Guid(536d73fdd74709b4fbcc791af7f70f78) Importer(815301076,1909f56bfc062723c751e8b465ee728b)
Start importing Assets/Assets/map/communityMap/materials/Vehicles/Chrome.mat using Guid(536d73fdd74709b4fbcc791af7f70f78) Importer(815301076,1909f56bfc062723c751e8b465ee728b)  -> (artifact id: '6f53aa49c70b74bc90dbbf279d1091cc') in 0.028726 seconds
Number of updated asset objects reloaded before import = 0
Number of asset objects unloaded after import = 1
========================================================================
Received Import Request.
  Time since last request: 0.000071 seconds.
  path: Assets/Assets/map/communityMap/materials/Vehicles/VehicleUnderside.mat
  artifactKey: Guid(7144ce432a49daa45a1c70dab9769ffe) Importer(815301076,1909f56bfc062723c751e8b465ee728b)
Start importing Assets/Assets/map/communityMap/materials/Vehicles/VehicleUnderside.mat using Guid(7144ce432a49daa45a1c70dab9769ffe) Importer(815301076,1909f56bfc062723c751e8b465ee728b)  -> (artifact id: 'b62f4f809ad34632861448dd45ae98dc') in 0.026572 seconds
Number of updated asset objects reloaded before import = 0
Number of asset objects unloaded after import = 1
Editor requested this worker to shutdown with reason: Scaling down because of idle timeout
TcpMessagingSession - receive error: operation aborted. errorcode: 995, details: The I/O operation has been aborted because of either a thread exit or an application request.
AssetImportWorker is now disconnected from the server
Process exiting
Exiting without the bug reporter. Application will terminate with return code 0